#
# There is insufficient memory for the Java Runtime Environment to continue.
# Native memory allocation (mmap) failed to map 257949696 bytes for Failed to commit area from 0x000000070b400000 to 0x000000071aa00000 of length 257949696.
# Possible reasons:
#   The system is out of physical RAM or swap space
#   The process is running with CompressedOops enabled, and the Java Heap may be blocking the growth of the native heap
# Possible solutions:
#   Reduce memory load on the system
#   Increase physical memory or swap space
#   Check if swap backing store is full
#   Decrease Java heap size (-Xmx/-Xms)
#   Decrease number of Java threads
#   Decrease Java thread stack sizes (-Xss)
#   Set larger code cache with -XX:ReservedCodeCacheSize=
# This output file may be truncated or incomplete.
#
#  Out of Memory Error (./src/hotspot/os/windows/os_windows.cpp:3387), pid=26396, tid=2064
#
# JRE version:  (11.0.14.1+1) (build )
# Java VM: OpenJDK 64-Bit Server VM (11.0.14.1+1, mixed mode, sharing, tiered, compressed oops, g1 gc, windows-amd64)
# No core dump will be written. Minidumps are not enabled by default on client versions of Windows
#

---------------  S U M M A R Y ------------

Command Line: 

Host: AMD Ryzen 9 8945HS w/ Radeon 780M Graphics, 16 cores, 15G,  Windows 11 , 64 bit Build 22621 (10.0.22621.3958)
Time: Fri Sep 13 00:29:46 2024 Eastern Daylight Time elapsed time: 0.007789 seconds (0d 0h 0m 0s)

---------------  T H R E A D  ---------------

Current thread (0x000001cb0bcb0000):  JavaThread "Unknown thread" [_thread_in_vm, id=2064, stack(0x0000005300500000,0x0000005300600000)]

Stack: [0x0000005300500000,0x0000005300600000]
Native frames: (J=compiled Java code, j=interpreted, Vv=VM code, C=native code)
V  [jvm.dll+0x61e59a]
V  [jvm.dll+0x7aaca9]
V  [jvm.dll+0x7ac398]
V  [jvm.dll+0x7aca73]
V  [jvm.dll+0x24f9b8]
V  [jvm.dll+0x61b83a]
V  [jvm.dll+0x6100c5]
V  [jvm.dll+0x30772c]
V  [jvm.dll+0x3075b2]
V  [jvm.dll+0x30c2d6]
V  [jvm.dll+0x35272f]
V  [jvm.dll+0x352160]
V  [jvm.dll+0x2e4728]
V  [jvm.dll+0x2e5886]
V  [jvm.dll+0x784b07]
V  [jvm.dll+0x78628f]
V  [jvm.dll+0x35f479]
V  [jvm.dll+0x767aa0]
V  [jvm.dll+0x3ccf1f]
V  [jvm.dll+0x3cf2b1]
C  [jli.dll+0x5207]
C  [ucrtbase.dll+0x29333]
C  [KERNEL32.DLL+0x1257d]
C  [ntdll.dll+0x5af28]


---------------  P R O C E S S  ---------------

Threads class SMR info:
_java_thread_list=0x000001cb09988ee0, length=0, elements={
}

Java Threads: ( => current thread )

Other Threads:
  0x000001cb0bcc9800 GCTaskThread "GC Thread#0" [stack: 0x0000005300600000,0x0000005300700000] [id=31028]
  0x000001cb0bd23000 ConcurrentGCThread "G1 Main Marker" [stack: 0x0000005300700000,0x0000005300800000] [id=28760]
  0x000001cb0bd26800 ConcurrentGCThread "G1 Conc#0" [stack: 0x0000005300800000,0x0000005300900000] [id=26248]

[error occurred during error reporting (printing all threads), id 0xc0000005, EXCEPTION_ACCESS_VIOLATION (0xc0000005) at pc=0x00007ffb93843ef7]

VM state:not at safepoint (not fully initialized)

VM Mutex/Monitor currently owned by a thread:  ([mutex/lock_event])
[0x000001cb0bcacab0] Heap_lock - owner thread: 0x000001cb0bcb0000

Heap address: 0x000000070b400000, size: 3916 MB, Compressed Oops mode: Non-zero based: 0x000000070b400000
Narrow klass base: 0x0000000000000000, Narrow klass shift: 0

GC Heap History (0 events):
No events

Deoptimization events (0 events):
No events

Classes redefined (0 events):
No events

Internal exceptions (0 events):
No events

Events (1 events):
Event: 0.005 Loaded shared library C:\Program Files\Unity\Hub\Editor\2022.3.41f1\Editor\Data\PlaybackEngines\AndroidPlayer\OpenJDK\bin\zip.dll


Dynamic libraries:
0x00007ff7bd630000 - 0x00007ff7bd63d000 	C:\Program Files\Unity\Hub\Editor\2022.3.41f1\Editor\Data\PlaybackEngines\AndroidPlayer\OpenJDK\bin\java.exe
0x00007ffc5e930000 - 0x00007ffc5eb47000 	C:\Windows\SYSTEM32\ntdll.dll
0x00007ffc5d930000 - 0x00007ffc5d9f4000 	C:\Windows\System32\KERNEL32.DLL
0x00007ffc5bc50000 - 0x00007ffc5bffd000 	C:\Windows\System32\KERNELBASE.dll
0x00007ffc5c3b0000 - 0x00007ffc5c4c1000 	C:\Windows\System32\ucrtbase.dll
0x00007ffbd3020000 - 0x00007ffbd3037000 	C:\Program Files\Unity\Hub\Editor\2022.3.41f1\Editor\Data\PlaybackEngines\AndroidPlayer\OpenJDK\bin\jli.dll
0x00007ffc0bef0000 - 0x00007ffc0bf05000 	C:\Program Files\Unity\Hub\Editor\2022.3.41f1\Editor\Data\PlaybackEngines\AndroidPlayer\OpenJDK\bin\VCRUNTIME140.dll
0x00007ffc5c6c0000 - 0x00007ffc5c86e000 	C:\Windows\System32\USER32.dll
0x00007ffc46fa0000 - 0x00007ffc47233000 	C:\Windows\WinSxS\amd64_microsoft.windows.common-controls_6595b64144ccf1df_6.0.22621.3672_none_2713b9d173822955\COMCTL32.dll
0x00007ffc5c300000 - 0x00007ffc5c326000 	C:\Windows\System32\win32u.dll
0x00007ffc5cee0000 - 0x00007ffc5cf09000 	C:\Windows\System32\GDI32.dll
0x00007ffc5cf10000 - 0x00007ffc5cfb7000 	C:\Windows\System32\msvcrt.dll
0x00007ffc5c4d0000 - 0x00007ffc5c5e9000 	C:\Windows\System32\gdi32full.dll
0x00007ffc5c0c0000 - 0x00007ffc5c15a000 	C:\Windows\System32\msvcp_win.dll
0x00007ffc5cde0000 - 0x00007ffc5ce11000 	C:\Windows\System32\IMM32.DLL
0x00007ffba8e30000 - 0x00007ffba8ecb000 	C:\Program Files\Unity\Hub\Editor\2022.3.41f1\Editor\Data\PlaybackEngines\AndroidPlayer\OpenJDK\bin\msvcp140.dll
0x00007ffb93550000 - 0x00007ffb940d1000 	C:\Program Files\Unity\Hub\Editor\2022.3.41f1\Editor\Data\PlaybackEngines\AndroidPlayer\OpenJDK\bin\server\jvm.dll
0x00007ffc5cc60000 - 0x00007ffc5cd12000 	C:\Windows\System32\ADVAPI32.dll
0x00007ffc5ce20000 - 0x00007ffc5cec9000 	C:\Windows\System32\sechost.dll
0x00007ffc5c2d0000 - 0x00007ffc5c2f8000 	C:\Windows\System32\bcrypt.dll
0x00007ffc5e5b0000 - 0x00007ffc5e6c4000 	C:\Windows\System32\RPCRT4.dll
0x00007ffc5cdd0000 - 0x00007ffc5cdd8000 	C:\Windows\System32\PSAPI.DLL
0x00007ffc55a80000 - 0x00007ffc55ab4000 	C:\Windows\SYSTEM32\WINMM.dll
0x00007ffc53410000 - 0x00007ffc5341a000 	C:\Windows\SYSTEM32\VERSION.dll
0x00007ffc554f0000 - 0x00007ffc554f9000 	C:\Windows\SYSTEM32\WSOCK32.dll
0x00007ffc5e810000 - 0x00007ffc5e881000 	C:\Windows\System32\WS2_32.dll
0x00007ffc5ad60000 - 0x00007ffc5ad78000 	C:\Windows\SYSTEM32\kernel.appcore.dll
0x00007ffc2a620000 - 0x00007ffc2a630000 	C:\Program Files\Unity\Hub\Editor\2022.3.41f1\Editor\Data\PlaybackEngines\AndroidPlayer\OpenJDK\bin\verify.dll
0x00007ffc59000000 - 0x00007ffc59232000 	C:\Windows\SYSTEM32\DBGHELP.DLL
0x00007ffc5e190000 - 0x00007ffc5e51e000 	C:\Windows\System32\combase.dll
0x00007ffc5e730000 - 0x00007ffc5e807000 	C:\Windows\System32\OLEAUT32.dll
0x00007ffc51620000 - 0x00007ffc51652000 	C:\Windows\SYSTEM32\dbgcore.DLL
0x00007ffc5c330000 - 0x00007ffc5c3ab000 	C:\Windows\System32\bcryptPrimitives.dll
0x00007ffbcfe40000 - 0x00007ffbcfe68000 	C:\Program Files\Unity\Hub\Editor\2022.3.41f1\Editor\Data\PlaybackEngines\AndroidPlayer\OpenJDK\bin\java.dll
0x00007ffc1c690000 - 0x00007ffc1c69a000 	C:\Program Files\Unity\Hub\Editor\2022.3.41f1\Editor\Data\PlaybackEngines\AndroidPlayer\OpenJDK\bin\jimage.dll
0x00007ffbcfca0000 - 0x00007ffbcfcb8000 	C:\Program Files\Unity\Hub\Editor\2022.3.41f1\Editor\Data\PlaybackEngines\AndroidPlayer\OpenJDK\bin\zip.dll

dbghelp: loaded successfully - version: 4.0.5 - missing functions: none
symbol engine: initialized successfully - sym options: 0x614 - pdb path: .;C:\Program Files\Unity\Hub\Editor\2022.3.41f1\Editor\Data\PlaybackEngines\AndroidPlayer\OpenJDK\bin;C:\Windows\SYSTEM32;C:\Windows\WinSxS\amd64_microsoft.windows.common-controls_6595b64144ccf1df_6.0.22621.3672_none_2713b9d173822955;C:\Program Files\Unity\Hub\Editor\2022.3.41f1\Editor\Data\PlaybackEngines\AndroidPlayer\OpenJDK\bin\server

VM Arguments:
java_command: <unknown>
java_class_path (initial): <not set>
Launcher Type: SUN_STANDARD

[Global flags]
     intx CICompilerCount                          = 12                                        {product} {ergonomic}
     uint ConcGCThreads                            = 3                                         {product} {ergonomic}
     uint G1ConcRefinementThreads                  = 13                                        {product} {ergonomic}
   size_t G1HeapRegionSize                         = 1048576                                   {product} {ergonomic}
    uintx GCDrainStackTargetSize                   = 64                                        {product} {ergonomic}
   size_t InitialHeapSize                          = 257949696                                 {product} {ergonomic}
   size_t MarkStackSize                            = 4194304                                   {product} {ergonomic}
   size_t MaxHeapSize                              = 4106223616                                {product} {ergonomic}
   size_t MinHeapDeltaBytes                        = 1048576                                   {product} {ergonomic}
    uintx NonNMethodCodeHeapSize                   = 7594288                                {pd product} {ergonomic}
    uintx NonProfiledCodeHeapSize                  = 122031976                              {pd product} {ergonomic}
    uintx ProfiledCodeHeapSize                     = 122031976                              {pd product} {ergonomic}
    uintx ReservedCodeCacheSize                    = 251658240                              {pd product} {ergonomic}
     bool SegmentedCodeCache                       = true                                      {product} {ergonomic}
     bool UseCompressedClassPointers               = true                                 {lp64_product} {ergonomic}
     bool UseCompressedOops                        = true                                 {lp64_product} {ergonomic}
     bool UseG1GC                                  = true                                      {product} {ergonomic}
     bool UseLargePagesIndividualAllocation        = false                                  {pd product} {ergonomic}

Logging:
Log output configuration:
 #0: stdout all=warning uptime,level,tags
 #1: stderr all=off uptime,level,tags

Environment Variables:
JAVA_HOME=C:\Program Files\Unity\Hub\Editor\2022.3.41f1\Editor\Data\PlaybackEngines\AndroidPlayer\OpenJDK
PATH=C:\Program Files\Oculus\Support\oculus-runtime;C:\Program Files (x86)\Common Files\Intel\Shared Libraries\redist\intel64\compiler;C:\Windows\system32;C:\Windows;C:\Windows\System32\Wbem;C:\Windows\System32\WindowsPowerShell\v1.0\;C:\Windows\System32\OpenSSH\;C:\Program Files (x86)\NVIDIA Corporation\PhysX\Common;C:\Program Files\NVIDIA Corporation\NVIDIA NvDLISR;C:\Program Files\dotnet\;C:\Users\vince\AppData\Local\Microsoft\WindowsApps;C:\Users\vince\AppData\Local\Programs\Microsoft VS Code\bin;C:\Users\vince\AppData\Local\GitHubDesktop\bin
USERNAME=vince
OS=Windows_NT
PROCESSOR_IDENTIFIER=AMD64 Family 25 Model 117 Stepping 2, AuthenticAMD



---------------  S Y S T E M  ---------------

OS: Windows 11 , 64 bit Build 22621 (10.0.22621.3958)
OS uptime: 0 days 2:39 hours
Hyper-V role detected

CPU:total 16 (initial active 16) (16 cores per cpu, 2 threads per core) family 25 model 117 stepping 2 microcode 0x0, cmov, cx8, fxsr, mmx, sse, sse2, sse3, ssse3, sse4.1, sse4.2, popcnt, avx, avx2, aes, clmul, erms, mmxext, 3dnowpref, lzcnt, sse4a, ht, tsc, tscinvbit, tscinv, bmi1, bmi2, adx, evex, sha, fma

Memory: 4k page, system-wide physical 15661M (1561M free)
TotalPageFile size 23853M (AvailPageFile size 241M)
current process WorkingSet (physical memory assigned to process): 11M, peak: 11M
current process commit charge ("private bytes"): 71M, peak: 317M

vm_info: OpenJDK 64-Bit Server VM (11.0.14.1+1) for windows-amd64 JRE (11.0.14.1+1), built on Feb  9 2022 01:48:27 by "" with unknown MS VC++:1916

END.
